<?xml version="1.0" encoding="UTF-8"?>
<!-- Generated by org.testng.reporters.JUnitReportReporter -->
<testsuite name="com.automation.testcases.LoginTestCRM" tests="1" time="32.448" ignored="0" failures="0" timestamp="16 Dec 2019 17:02:34 GMT" skipped="0" hostname="DESKTOP-H6HU17T" errors="0">
  <testcase name="Login" time="32.448" classname="com.automation.testcases.LoginTestCRM"/>
</testsuite> <!-- com.automation.testcases.LoginTestCRM -->
